<?xml version="1.0" encoding="UTF-8"?>
<testng-results ignored="0" total="3" passed="3" failed="0" skipped="0">
  <reporter-output>
  </reporter-output>
  <suite started-at="2022-08-28T06:56:07 EET" name="Default suite" finished-at="2022-08-28T06:56:23 EET" duration-ms="16320">
    <groups>
    </groups>
    <test started-at="2022-08-28T06:56:07 EET" name="Default test" finished-at="2022-08-28T06:56:23 EET" duration-ms="16320">
      <class name="testpackage.testclass">
        <test-method is-config="true" signature="beforeClass()[pri:0, instance:testpackage.testclass@3febb011]" started-at="2022-08-28T06:56:07 EET" name="beforeClass" finished-at="2022-08-28T06:56:08 EET" duration-ms="385" status="PASS">
          <reporter-output>
          </reporter-output>
        </test-method> <!-- beforeClass -->
        <test-method is-config="true" signature="beforeMethod()[pri:0, instance:testpackage.testclass@3febb011]" started-at="2022-08-28T06:56:08 EET" name="beforeMethod" finished-at="2022-08-28T06:56:11 EET" duration-ms="3875" status="PASS">
          <reporter-output>
          </reporter-output>
        </test-method> <!-- beforeMethod -->
        <test-method signature="NavigateToTachhealthAndAssertLogo()[pri:0, instance:testpackage.testclass@3febb011]" started-at="2022-08-28T06:56:11 EET" name="NavigateToTachhealthAndAssertLogo" finished-at="2022-08-28T06:56:12 EET" duration-ms="941" status="PASS">
          <reporter-output>
          </reporter-output>
        </test-method> <!-- NavigateToTachhealthAndAssertLogo -->
        <test-method is-config="true" signature="AfterMethod()[pri:0, instance:testpackage.testclass@3febb011]" started-at="2022-08-28T06:56:12 EET" name="AfterMethod" finished-at="2022-08-28T06:56:13 EET" duration-ms="199" status="PASS">
          <reporter-output>
          </reporter-output>
        </test-method> <!-- AfterMethod -->
        <test-method is-config="true" signature="beforeMethod()[pri:0, instance:testpackage.testclass@3febb011]" started-at="2022-08-28T06:56:13 EET" name="beforeMethod" finished-at="2022-08-28T06:56:16 EET" duration-ms="3009" status="PASS">
          <reporter-output>
          </reporter-output>
        </test-method> <!-- beforeMethod -->
        <test-method signature="NavigateToTachhealthAndAssertPageTitle()[pri:0, instance:testpackage.testclass@3febb011]" started-at="2022-08-28T06:56:16 EET" name="NavigateToTachhealthAndAssertPageTitle" finished-at="2022-08-28T06:56:16 EET" duration-ms="872" status="PASS">
          <reporter-output>
          </reporter-output>
        </test-method> <!-- NavigateToTachhealthAndAssertPageTitle -->
        <test-method is-config="true" signature="AfterMethod()[pri:0, instance:testpackage.testclass@3febb011]" started-at="2022-08-28T06:56:16 EET" name="AfterMethod" finished-at="2022-08-28T06:56:17 EET" duration-ms="177" status="PASS">
          <reporter-output>
          </reporter-output>
        </test-method> <!-- AfterMethod -->
        <test-method is-config="true" signature="beforeMethod()[pri:0, instance:testpackage.testclass@3febb011]" started-at="2022-08-28T06:56:17 EET" name="beforeMethod" finished-at="2022-08-28T06:56:20 EET" duration-ms="2895" status="PASS">
          <reporter-output>
          </reporter-output>
        </test-method> <!-- beforeMethod -->
        <test-method signature="searchForSelenium()[pri:0, instance:testpackage.testclass@3febb011]" started-at="2022-08-28T06:56:20 EET" name="searchForSelenium" finished-at="2022-08-28T06:56:23 EET" duration-ms="3683" status="PASS">
          <reporter-output>
          </reporter-output>
        </test-method> <!-- searchForSelenium -->
        <test-method is-config="true" signature="AfterMethod()[pri:0, instance:testpackage.testclass@3febb011]" started-at="2022-08-28T06:56:23 EET" name="AfterMethod" finished-at="2022-08-28T06:56:23 EET" duration-ms="232" status="PASS">
          <reporter-output>
          </reporter-output>
        </test-method> <!-- AfterMethod -->
      </class> <!-- testpackage.testclass -->
    </test> <!-- Default test -->
  </suite> <!-- Default suite -->
</testng-results>
