<?xml version="1.0" encoding="UTF-8"?>
<!-- Generated by org.testng.reporters.JUnitXMLReporter -->
<testsuite ignored="0" hostname="DESKTOP-9S82O2F" failures="0" tests="3" name="Default test" time="16.32" errors="0" timestamp="2022-08-28T06:56:23 EET">
  <testcase classname="testpackage.testclass" name="NavigateToTachhealthAndAssertLogo" time="0.941"/>
  <testcase classname="testpackage.testclass" name="NavigateToTachhealthAndAssertPageTitle" time="0.872"/>
  <testcase classname="testpackage.testclass" name="searchForSelenium" time="3.683"/>
</testsuite> <!-- Default test -->
